[INFO ] 2021-04-23 11:49:19(0) --> [localhost-startStop-1] org.springframework.web.context.ContextLoader.initWebApplicationContext(ContextLoader.java:271): Root WebApplicationContext: initialization started  
[INFO ] 2021-04-23 11:49:27(8006) --> [localhost-startStop-1] org.springframework.web.context.ContextLoader.initWebApplicationContext(ContextLoader.java:307): Root WebApplicationContext initialized in 7989 ms  
[INFO ] 2021-04-23 11:49:28(8508) --> [localhost-startStop-1] org.springframework.web.servlet.FrameworkServlet.initServletBean(FrameworkServlet.java:525): Initializing Servlet 'springmvc'  
[INFO ] 2021-04-23 11:49:37(17695) --> [localhost-startStop-1] org.springframework.web.servlet.FrameworkServlet.initServletBean(FrameworkServlet.java:547): Completed initialization in 9186 ms  
[INFO ] 2021-04-23 11:49:48(28563) --> [http-bio-8080-exec-1] com.mliang.controller.UserController.selectUser(UserController.java:27): 测试日志输出  
[INFO ] 2021-04-23 11:49:48(28566) --> [http-bio-8080-exec-2] com.mliang.controller.UserController.selectUser(UserController.java:27): 测试日志输出  
[INFO ] 2021-04-23 11:49:48(28840) --> [http-bio-8080-exec-2] com.alibaba.druid.pool.DruidDataSource.init(DruidDataSource.java:655): {dataSource-1} inited  
[INFO ] 2021-04-23 11:49:49(29602) --> [http-bio-8080-exec-3] com.mliang.controller.UserController.selectUser(UserController.java:27): 测试日志输出  
[INFO ] 2021-04-23 11:49:49(30423) --> [http-bio-8080-exec-4] com.mliang.controller.UserController.selectUser(UserController.java:27): 测试日志输出  
[INFO ] 2021-04-23 11:49:50(30555) --> [http-bio-8080-exec-1] com.mliang.controller.UserController.selectUser(UserController.java:36): 查询用户信息成功  
[INFO ] 2021-04-23 11:49:50(30642) --> [http-bio-8080-exec-2] com.mliang.controller.UserController.selectUser(UserController.java:36): 查询用户信息成功  
[INFO ] 2021-04-23 11:49:50(30677) --> [http-bio-8080-exec-3] com.mliang.controller.UserController.selectUser(UserController.java:36): 查询用户信息成功  
[INFO ] 2021-04-23 11:49:50(30799) --> [http-bio-8080-exec-4] com.mliang.controller.UserController.selectUser(UserController.java:36): 查询用户信息成功  
[INFO ] 2021-04-23 11:49:50(31235) --> [http-bio-8080-exec-5] com.mliang.controller.UserController.selectUser(UserController.java:27): 测试日志输出  
[INFO ] 2021-04-23 11:49:51(31606) --> [http-bio-8080-exec-5] com.mliang.controller.UserController.selectUser(UserController.java:36): 查询用户信息成功  
[INFO ] 2021-04-23 11:49:51(31931) --> [http-bio-8080-exec-6] com.mliang.controller.UserController.selectUser(UserController.java:27): 测试日志输出  
[INFO ] 2021-04-23 11:49:51(32179) --> [http-bio-8080-exec-6] com.mliang.controller.UserController.selectUser(UserController.java:36): 查询用户信息成功  
[INFO ] 2021-04-23 11:49:51(32449) --> [http-bio-8080-exec-7] com.mliang.controller.UserController.selectUser(UserController.java:27): 测试日志输出  
[INFO ] 2021-04-23 11:49:52(32592) --> [http-bio-8080-exec-7] com.mliang.controller.UserController.selectUser(UserController.java:36): 查询用户信息成功  
[INFO ] 2021-04-23 11:49:52(32986) --> [http-bio-8080-exec-9] com.mliang.controller.UserController.selectUser(UserController.java:27): 测试日志输出  
[INFO ] 2021-04-23 11:49:52(33125) --> [http-bio-8080-exec-9] com.mliang.controller.UserController.selectUser(UserController.java:36): 查询用户信息成功  
[INFO ] 2021-04-23 11:49:52(33251) --> [http-bio-8080-exec-8] com.mliang.controller.UserController.selectUser(UserController.java:27): 测试日志输出  
[INFO ] 2021-04-23 11:49:52(33390) --> [http-bio-8080-exec-8] com.mliang.controller.UserController.selectUser(UserController.java:36): 查询用户信息成功  
[INFO ] 2021-04-23 11:49:53(33652) --> [http-bio-8080-exec-7] com.mliang.controller.UserController.selectUser(UserController.java:27): 测试日志输出  
[INFO ] 2021-04-23 11:49:53(33792) --> [http-bio-8080-exec-7] com.mliang.controller.UserController.selectUser(UserController.java:36): 查询用户信息成功  
[INFO ] 2021-04-23 11:49:53(34040) --> [http-bio-8080-exec-7] com.mliang.controller.UserController.selectUser(UserController.java:27): 测试日志输出  
[INFO ] 2021-04-23 11:49:53(34177) --> [http-bio-8080-exec-7] com.mliang.controller.UserController.selectUser(UserController.java:36): 查询用户信息成功  
[INFO ] 2021-04-23 11:49:53(34425) --> [http-bio-8080-exec-7] com.mliang.controller.UserController.selectUser(UserController.java:27): 测试日志输出  
[INFO ] 2021-04-23 11:49:54(34564) --> [http-bio-8080-exec-7] com.mliang.controller.UserController.selectUser(UserController.java:36): 查询用户信息成功  
[INFO ] 2021-04-23 11:50:13(53472) --> [http-bio-8080-exec-7] com.mliang.controller.UserController.selectUser(UserController.java:27): 测试日志输出  
[INFO ] 2021-04-23 11:50:13(53608) --> [http-bio-8080-exec-7] com.mliang.controller.UserController.selectUser(UserController.java:36): 查询用户信息成功  
[INFO ] 2021-04-23 11:50:14(55292) --> [http-bio-8080-exec-7] com.mliang.controller.UserController.selectUser(UserController.java:27): 测试日志输出  
[INFO ] 2021-04-23 11:50:14(55424) --> [http-bio-8080-exec-7] com.mliang.controller.UserController.selectUser(UserController.java:36): 查询用户信息成功  
[INFO ] 2021-04-23 11:50:16(56459) --> [http-bio-8080-exec-7] com.mliang.controller.UserController.selectUser(UserController.java:27): 测试日志输出  
[INFO ] 2021-04-23 11:50:16(56597) --> [http-bio-8080-exec-7] com.mliang.controller.UserController.selectUser(UserController.java:36): 查询用户信息成功  
[INFO ] 2021-04-23 11:50:16(57296) --> [http-bio-8080-exec-7] com.mliang.controller.UserController.selectUser(UserController.java:27): 测试日志输出  
[INFO ] 2021-04-23 11:50:16(57444) --> [http-bio-8080-exec-7] com.mliang.controller.UserController.selectUser(UserController.java:36): 查询用户信息成功  
[INFO ] 2021-04-23 11:50:17(57751) --> [http-bio-8080-exec-7] com.mliang.controller.UserController.selectUser(UserController.java:27): 测试日志输出  
[INFO ] 2021-04-23 11:50:17(57892) --> [http-bio-8080-exec-7] com.mliang.controller.UserController.selectUser(UserController.java:36): 查询用户信息成功  
[INFO ] 2021-04-23 11:50:17(58190) --> [http-bio-8080-exec-7] com.mliang.controller.UserController.selectUser(UserController.java:27): 测试日志输出  
[INFO ] 2021-04-23 11:50:17(58336) --> [http-bio-8080-exec-7] com.mliang.controller.UserController.selectUser(UserController.java:36): 查询用户信息成功  
[INFO ] 2021-04-23 11:50:18(58694) --> [http-bio-8080-exec-7] com.mliang.controller.UserController.selectUser(UserController.java:27): 测试日志输出  
[INFO ] 2021-04-23 11:50:18(58833) --> [http-bio-8080-exec-7] com.mliang.controller.UserController.selectUser(UserController.java:36): 查询用户信息成功  
[INFO ] 2021-04-23 11:50:18(59123) --> [http-bio-8080-exec-7] com.mliang.controller.UserController.selectUser(UserController.java:27): 测试日志输出  
[INFO ] 2021-04-23 11:50:18(59259) --> [http-bio-8080-exec-7] com.mliang.controller.UserController.selectUser(UserController.java:36): 查询用户信息成功  
[INFO ] 2021-04-23 11:50:19(59510) --> [http-bio-8080-exec-7] com.mliang.controller.UserController.selectUser(UserController.java:27): 测试日志输出  
[INFO ] 2021-04-23 11:50:19(59644) --> [http-bio-8080-exec-7] com.mliang.controller.UserController.selectUser(UserController.java:36): 查询用户信息成功  
[INFO ] 2021-04-23 11:50:19(59932) --> [http-bio-8080-exec-7] com.mliang.controller.UserController.selectUser(UserController.java:27): 测试日志输出  
[INFO ] 2021-04-23 11:50:19(60073) --> [http-bio-8080-exec-7] com.mliang.controller.UserController.selectUser(UserController.java:36): 查询用户信息成功  
[INFO ] 2021-04-23 11:50:19(60289) --> [http-bio-8080-exec-7] com.mliang.controller.UserController.selectUser(UserController.java:27): 测试日志输出  
[INFO ] 2021-04-23 11:50:19(60425) --> [http-bio-8080-exec-7] com.mliang.controller.UserController.selectUser(UserController.java:36): 查询用户信息成功  
[INFO ] 2021-04-23 11:50:20(60693) --> [http-bio-8080-exec-7] com.mliang.controller.UserController.selectUser(UserController.java:27): 测试日志输出  
[INFO ] 2021-04-23 11:50:20(60826) --> [http-bio-8080-exec-7] com.mliang.controller.UserController.selectUser(UserController.java:36): 查询用户信息成功  
[INFO ] 2021-04-23 11:50:20(61090) --> [http-bio-8080-exec-7] com.mliang.controller.UserController.selectUser(UserController.java:27): 测试日志输出  
[INFO ] 2021-04-23 11:50:20(61225) --> [http-bio-8080-exec-7] com.mliang.controller.UserController.selectUser(UserController.java:36): 查询用户信息成功  
[INFO ] 2021-04-23 11:50:21(61468) --> [http-bio-8080-exec-7] com.mliang.controller.UserController.selectUser(UserController.java:27): 测试日志输出  
[INFO ] 2021-04-23 11:50:21(61606) --> [http-bio-8080-exec-7] com.mliang.controller.UserController.selectUser(UserController.java:36): 查询用户信息成功  
[INFO ] 2021-04-23 11:50:21(61846) --> [http-bio-8080-exec-3] com.mliang.controller.UserController.selectUser(UserController.java:27): 测试日志输出  
[INFO ] 2021-04-23 11:50:21(61981) --> [http-bio-8080-exec-3] com.mliang.controller.UserController.selectUser(UserController.java:36): 查询用户信息成功  
[INFO ] 2021-04-23 11:50:21(62173) --> [http-bio-8080-exec-9] com.mliang.controller.UserController.selectUser(UserController.java:27): 测试日志输出  
[INFO ] 2021-04-23 11:50:21(62307) --> [http-bio-8080-exec-9] com.mliang.controller.UserController.selectUser(UserController.java:36): 查询用户信息成功  
[INFO ] 2021-04-23 11:50:22(62502) --> [http-bio-8080-exec-8] com.mliang.controller.UserController.selectUser(UserController.java:27): 测试日志输出  
[INFO ] 2021-04-23 11:50:22(62639) --> [http-bio-8080-exec-8] com.mliang.controller.UserController.selectUser(UserController.java:36): 查询用户信息成功  
[INFO ] 2021-04-23 11:50:22(62872) --> [http-bio-8080-exec-8] com.mliang.controller.UserController.selectUser(UserController.java:27): 测试日志输出  
[INFO ] 2021-04-23 11:50:22(63008) --> [http-bio-8080-exec-8] com.mliang.controller.UserController.selectUser(UserController.java:36): 查询用户信息成功  
[INFO ] 2021-04-23 11:50:22(63259) --> [http-bio-8080-exec-8] com.mliang.controller.UserController.selectUser(UserController.java:27): 测试日志输出  
[INFO ] 2021-04-23 11:50:22(63392) --> [http-bio-8080-exec-8] com.mliang.controller.UserController.selectUser(UserController.java:36): 查询用户信息成功  
[INFO ] 2021-04-23 11:50:23(63677) --> [http-bio-8080-exec-8] com.mliang.controller.UserController.selectUser(UserController.java:27): 测试日志输出  
[INFO ] 2021-04-23 11:50:23(63816) --> [http-bio-8080-exec-8] com.mliang.controller.UserController.selectUser(UserController.java:36): 查询用户信息成功  
[INFO ] 2021-04-23 11:50:23(64045) --> [http-bio-8080-exec-2] com.mliang.controller.UserController.selectUser(UserController.java:27): 测试日志输出  
[INFO ] 2021-04-23 11:50:23(64181) --> [http-bio-8080-exec-2] com.mliang.controller.UserController.selectUser(UserController.java:36): 查询用户信息成功  
[INFO ] 2021-04-23 11:50:23(64419) --> [http-bio-8080-exec-2] com.mliang.controller.UserController.selectUser(UserController.java:27): 测试日志输出  
[INFO ] 2021-04-23 11:50:24(64560) --> [http-bio-8080-exec-2] com.mliang.controller.UserController.selectUser(UserController.java:36): 查询用户信息成功  
[INFO ] 2021-04-23 11:50:24(64818) --> [http-bio-8080-exec-2] com.mliang.controller.UserController.selectUser(UserController.java:27): 测试日志输出  
[INFO ] 2021-04-23 11:50:24(64967) --> [http-bio-8080-exec-2] com.mliang.controller.UserController.selectUser(UserController.java:36): 查询用户信息成功  
[INFO ] 2021-04-23 11:50:24(65182) --> [http-bio-8080-exec-7] com.mliang.controller.UserController.selectUser(UserController.java:27): 测试日志输出  
[INFO ] 2021-04-23 11:50:24(65324) --> [http-bio-8080-exec-7] com.mliang.controller.UserController.selectUser(UserController.java:36): 查询用户信息成功  
[INFO ] 2021-04-23 11:50:25(65549) --> [http-bio-8080-exec-7] com.mliang.controller.UserController.selectUser(UserController.java:27): 测试日志输出  
[INFO ] 2021-04-23 11:50:25(65683) --> [http-bio-8080-exec-7] com.mliang.controller.UserController.selectUser(UserController.java:36): 查询用户信息成功  
[INFO ] 2021-04-23 11:50:25(65933) --> [http-bio-8080-exec-7] com.mliang.controller.UserController.selectUser(UserController.java:27): 测试日志输出  
[INFO ] 2021-04-23 11:50:25(66068) --> [http-bio-8080-exec-7] com.mliang.controller.UserController.selectUser(UserController.java:36): 查询用户信息成功  
[INFO ] 2021-04-23 11:50:25(66299) --> [http-bio-8080-exec-7] com.mliang.controller.UserController.selectUser(UserController.java:27): 测试日志输出  
[INFO ] 2021-04-23 11:50:25(66437) --> [http-bio-8080-exec-7] com.mliang.controller.UserController.selectUser(UserController.java:36): 查询用户信息成功  
[INFO ] 2021-04-23 11:50:26(66705) --> [http-bio-8080-exec-7] com.mliang.controller.UserController.selectUser(UserController.java:27): 测试日志输出  
[INFO ] 2021-04-23 11:50:26(66839) --> [http-bio-8080-exec-7] com.mliang.controller.UserController.selectUser(UserController.java:36): 查询用户信息成功  
[INFO ] 2021-04-23 11:50:26(67055) --> [http-bio-8080-exec-7] com.mliang.controller.UserController.selectUser(UserController.java:27): 测试日志输出  
[INFO ] 2021-04-23 11:50:26(67192) --> [http-bio-8080-exec-7] com.mliang.controller.UserController.selectUser(UserController.java:36): 查询用户信息成功  
[INFO ] 2021-04-23 11:50:27(67522) --> [http-bio-8080-exec-7] com.mliang.controller.UserController.selectUser(UserController.java:27): 测试日志输出  
[INFO ] 2021-04-23 11:50:27(67659) --> [http-bio-8080-exec-7] com.mliang.controller.UserController.selectUser(UserController.java:36): 查询用户信息成功  
[INFO ] 2021-04-23 11:50:27(67850) --> [http-bio-8080-exec-7] com.mliang.controller.UserController.selectUser(UserController.java:27): 测试日志输出  
[INFO ] 2021-04-23 11:50:27(67991) --> [http-bio-8080-exec-7] com.mliang.controller.UserController.selectUser(UserController.java:36): 查询用户信息成功  
[INFO ] 2021-04-23 11:50:27(68244) --> [http-bio-8080-exec-7] com.mliang.controller.UserController.selectUser(UserController.java:27): 测试日志输出  
[INFO ] 2021-04-23 11:50:27(68378) --> [http-bio-8080-exec-7] com.mliang.controller.UserController.selectUser(UserController.java:36): 查询用户信息成功  
[INFO ] 2021-04-23 11:50:28(68604) --> [http-bio-8080-exec-7] com.mliang.controller.UserController.selectUser(UserController.java:27): 测试日志输出  
[INFO ] 2021-04-23 11:50:28(68740) --> [http-bio-8080-exec-7] com.mliang.controller.UserController.selectUser(UserController.java:36): 查询用户信息成功  
[INFO ] 2021-04-23 11:50:28(69015) --> [http-bio-8080-exec-7] com.mliang.controller.UserController.selectUser(UserController.java:27): 测试日志输出  
[INFO ] 2021-04-23 11:50:28(69149) --> [http-bio-8080-exec-7] com.mliang.controller.UserController.selectUser(UserController.java:36): 查询用户信息成功  
[INFO ] 2021-04-23 11:50:28(69368) --> [http-bio-8080-exec-7] com.mliang.controller.UserController.selectUser(UserController.java:27): 测试日志输出  
[INFO ] 2021-04-23 11:50:29(69505) --> [http-bio-8080-exec-7] com.mliang.controller.UserController.selectUser(UserController.java:36): 查询用户信息成功  
[INFO ] 2021-04-23 11:50:29(69738) --> [http-bio-8080-exec-7] com.mliang.controller.UserController.selectUser(UserController.java:27): 测试日志输出  
[INFO ] 2021-04-23 11:50:29(69872) --> [http-bio-8080-exec-7] com.mliang.controller.UserController.selectUser(UserController.java:36): 查询用户信息成功  
[INFO ] 2021-04-23 11:50:29(70101) --> [http-bio-8080-exec-7] com.mliang.controller.UserController.selectUser(UserController.java:27): 测试日志输出  
[INFO ] 2021-04-23 11:50:29(70241) --> [http-bio-8080-exec-7] com.mliang.controller.UserController.selectUser(UserController.java:36): 查询用户信息成功  
[INFO ] 2021-04-23 11:50:30(70498) --> [http-bio-8080-exec-7] com.mliang.controller.UserController.selectUser(UserController.java:27): 测试日志输出  
[INFO ] 2021-04-23 11:50:30(70634) --> [http-bio-8080-exec-7] com.mliang.controller.UserController.selectUser(UserController.java:36): 查询用户信息成功  
[INFO ] 2021-04-23 11:50:30(70859) --> [http-bio-8080-exec-7] com.mliang.controller.UserController.selectUser(UserController.java:27): 测试日志输出  
[INFO ] 2021-04-23 11:50:30(70993) --> [http-bio-8080-exec-7] com.mliang.controller.UserController.selectUser(UserController.java:36): 查询用户信息成功  
[INFO ] 2021-04-23 11:50:30(71352) --> [http-bio-8080-exec-7] com.mliang.controller.UserController.selectUser(UserController.java:27): 测试日志输出  
[INFO ] 2021-04-23 11:50:31(71493) --> [http-bio-8080-exec-7] com.mliang.controller.UserController.selectUser(UserController.java:36): 查询用户信息成功  
[INFO ] 2021-04-23 11:50:31(71689) --> [http-bio-8080-exec-6] com.mliang.controller.UserController.selectUser(UserController.java:27): 测试日志输出  
[INFO ] 2021-04-23 11:50:31(71825) --> [http-bio-8080-exec-6] com.mliang.controller.UserController.selectUser(UserController.java:36): 查询用户信息成功  
[INFO ] 2021-04-23 11:50:31(72035) --> [http-bio-8080-exec-5] com.mliang.controller.UserController.selectUser(UserController.java:27): 测试日志输出  
[INFO ] 2021-04-23 11:50:31(72176) --> [http-bio-8080-exec-5] com.mliang.controller.UserController.selectUser(UserController.java:36): 查询用户信息成功  
[INFO ] 2021-04-23 11:50:32(72657) --> [http-bio-8080-exec-5] com.mliang.controller.UserController.selectUser(UserController.java:27): 测试日志输出  
[INFO ] 2021-04-23 11:50:32(72790) --> [http-bio-8080-exec-5] com.mliang.controller.UserController.selectUser(UserController.java:36): 查询用户信息成功  
[INFO ] 2021-04-23 11:50:33(73701) --> [http-bio-8080-exec-5] com.mliang.controller.UserController.selectUser(UserController.java:27): 测试日志输出  
[INFO ] 2021-04-23 11:50:33(73837) --> [http-bio-8080-exec-5] com.mliang.controller.UserController.selectUser(UserController.java:36): 查询用户信息成功  
[INFO ] 2021-04-23 11:50:35(75610) --> [http-bio-8080-exec-5] com.mliang.controller.UserController.selectUser(UserController.java:27): 测试日志输出  
[INFO ] 2021-04-23 11:50:35(75743) --> [http-bio-8080-exec-5] com.mliang.controller.UserController.selectUser(UserController.java:36): 查询用户信息成功  
[INFO ] 2021-04-23 11:50:36(76954) --> [http-bio-8080-exec-5] com.mliang.controller.UserController.selectUser(UserController.java:27): 测试日志输出  
[INFO ] 2021-04-23 11:50:36(77091) --> [http-bio-8080-exec-5] com.mliang.controller.UserController.selectUser(UserController.java:36): 查询用户信息成功  
[INFO ] 2021-04-23 11:50:37(77917) --> [http-bio-8080-exec-5] com.mliang.controller.UserController.selectUser(UserController.java:27): 测试日志输出  
[INFO ] 2021-04-23 11:50:37(78059) --> [http-bio-8080-exec-5] com.mliang.controller.UserController.selectUser(UserController.java:36): 查询用户信息成功  
[INFO ] 2021-04-23 11:50:39(79597) --> [http-bio-8080-exec-5] com.mliang.controller.UserController.selectUser(UserController.java:27): 测试日志输出  
[INFO ] 2021-04-23 11:50:39(79729) --> [http-bio-8080-exec-5] com.mliang.controller.UserController.selectUser(UserController.java:36): 查询用户信息成功  
[INFO ] 2021-04-23 11:50:40(80539) --> [http-bio-8080-exec-5] com.mliang.controller.UserController.selectUser(UserController.java:27): 测试日志输出  
[INFO ] 2021-04-23 11:50:40(80672) --> [http-bio-8080-exec-5] com.mliang.controller.UserController.selectUser(UserController.java:36): 查询用户信息成功  
[INFO ] 2021-04-23 11:50:40(81016) --> [http-bio-8080-exec-5] com.mliang.controller.UserController.selectUser(UserController.java:27): 测试日志输出  
[INFO ] 2021-04-23 11:50:40(81148) --> [http-bio-8080-exec-5] com.mliang.controller.UserController.selectUser(UserController.java:36): 查询用户信息成功  
[INFO ] 2021-04-23 11:50:40(81377) --> [http-bio-8080-exec-5] com.mliang.controller.UserController.selectUser(UserController.java:27): 测试日志输出  
[INFO ] 2021-04-23 11:50:41(81514) --> [http-bio-8080-exec-5] com.mliang.controller.UserController.selectUser(UserController.java:36): 查询用户信息成功  
[INFO ] 2021-04-23 11:50:41(81758) --> [http-bio-8080-exec-5] com.mliang.controller.UserController.selectUser(UserController.java:27): 测试日志输出  
[INFO ] 2021-04-23 11:50:41(81893) --> [http-bio-8080-exec-5] com.mliang.controller.UserController.selectUser(UserController.java:36): 查询用户信息成功  
[INFO ] 2021-04-23 11:50:41(82139) --> [http-bio-8080-exec-5] com.mliang.controller.UserController.selectUser(UserController.java:27): 测试日志输出  
[INFO ] 2021-04-23 11:50:41(82275) --> [http-bio-8080-exec-5] com.mliang.controller.UserController.selectUser(UserController.java:36): 查询用户信息成功  
[INFO ] 2021-04-23 11:50:42(82593) --> [http-bio-8080-exec-5] com.mliang.controller.UserController.selectUser(UserController.java:27): 测试日志输出  
[INFO ] 2021-04-23 11:50:42(82728) --> [http-bio-8080-exec-5] com.mliang.controller.UserController.selectUser(UserController.java:36): 查询用户信息成功  
[INFO ] 2021-04-23 11:50:42(83059) --> [http-bio-8080-exec-5] com.mliang.controller.UserController.selectUser(UserController.java:27): 测试日志输出  
[INFO ] 2021-04-23 11:50:42(83193) --> [http-bio-8080-exec-5] com.mliang.controller.UserController.selectUser(UserController.java:36): 查询用户信息成功  
[INFO ] 2021-04-23 11:50:43(84276) --> [http-bio-8080-exec-5] com.mliang.controller.UserController.selectUser(UserController.java:27): 测试日志输出  
[INFO ] 2021-04-23 11:50:43(84410) --> [http-bio-8080-exec-5] com.mliang.controller.UserController.selectUser(UserController.java:36): 查询用户信息成功  
[INFO ] 2021-04-23 11:50:44(85142) --> [http-bio-8080-exec-5] com.mliang.controller.UserController.selectUser(UserController.java:27): 测试日志输出  
[INFO ] 2021-04-23 11:50:44(85274) --> [http-bio-8080-exec-5] com.mliang.controller.UserController.selectUser(UserController.java:36): 查询用户信息成功  
[INFO ] 2021-04-23 11:50:46(86719) --> [http-bio-8080-exec-5] com.mliang.controller.UserController.selectUser(UserController.java:27): 测试日志输出  
[INFO ] 2021-04-23 11:50:46(86855) --> [http-bio-8080-exec-5] com.mliang.controller.UserController.selectUser(UserController.java:36): 查询用户信息成功  
[INFO ] 2021-04-23 11:50:46(87381) --> [http-bio-8080-exec-3] com.mliang.controller.UserController.selectUser(UserController.java:27): 测试日志输出  
[INFO ] 2021-04-23 11:50:47(87516) --> [http-bio-8080-exec-3] com.mliang.controller.UserController.selectUser(UserController.java:36): 查询用户信息成功  
[INFO ] 2021-04-23 11:50:47(88456) --> [http-bio-8080-exec-3] com.mliang.controller.UserController.selectUser(UserController.java:27): 测试日志输出  
[INFO ] 2021-04-23 11:50:48(88592) --> [http-bio-8080-exec-3] com.mliang.controller.UserController.selectUser(UserController.java:36): 查询用户信息成功  
[INFO ] 2021-04-23 11:54:54(0) --> [localhost-startStop-1] org.springframework.web.context.ContextLoader.initWebApplicationContext(ContextLoader.java:271): Root WebApplicationContext: initialization started  
[INFO ] 2021-04-23 11:54:55(1266) --> [localhost-startStop-1] org.springframework.web.context.ContextLoader.initWebApplicationContext(ContextLoader.java:307): Root WebApplicationContext initialized in 1264 ms  
[INFO ] 2021-04-23 11:54:55(1367) --> [localhost-startStop-1] org.springframework.web.servlet.FrameworkServlet.initServletBean(FrameworkServlet.java:525): Initializing Servlet 'springmvc'  
[INFO ] 2021-04-23 11:54:57(3327) --> [localhost-startStop-1] org.springframework.web.servlet.FrameworkServlet.initServletBean(FrameworkServlet.java:547): Completed initialization in 1955 ms  
[INFO ] 2021-04-23 11:56:02(67676) --> [http-bio-8080-exec-2] com.mliang.controller.UserController.selectUser(UserController.java:27): 测试日志输出  
[INFO ] 2021-04-23 11:56:02(67773) --> [http-bio-8080-exec-2] com.alibaba.druid.pool.DruidDataSource.init(DruidDataSource.java:655): {dataSource-1} inited  
[INFO ] 2021-04-23 11:56:03(68643) --> [http-bio-8080-exec-2] com.mliang.controller.UserController.selectUser(UserController.java:36): 查询用户信息成功  
[INFO ] 2021-04-23 11:56:09(74656) --> [http-bio-8080-exec-3] com.mliang.controller.UserController.selectUser(UserController.java:27): 测试日志输出  
[INFO ] 2021-04-23 11:56:09(74780) --> [http-bio-8080-exec-3] com.mliang.controller.UserController.selectUser(UserController.java:36): 查询用户信息成功  
[INFO ] 2021-04-23 11:56:09(75529) --> [http-bio-8080-exec-4] com.mliang.controller.UserController.selectUser(UserController.java:27): 测试日志输出  
[INFO ] 2021-04-23 11:56:10(75661) --> [http-bio-8080-exec-4] com.mliang.controller.UserController.selectUser(UserController.java:36): 查询用户信息成功  
[INFO ] 2021-04-23 11:56:10(76558) --> [http-bio-8080-exec-5] com.mliang.controller.UserController.selectUser(UserController.java:27): 测试日志输出  
[INFO ] 2021-04-23 11:56:11(76684) --> [http-bio-8080-exec-5] com.mliang.controller.UserController.selectUser(UserController.java:36): 查询用户信息成功  
[INFO ] 2021-04-23 11:56:11(76908) --> [http-bio-8080-exec-6] com.mliang.controller.UserController.selectUser(UserController.java:27): 测试日志输出  
[INFO ] 2021-04-23 11:56:11(77033) --> [http-bio-8080-exec-6] com.mliang.controller.UserController.selectUser(UserController.java:36): 查询用户信息成功  
[INFO ] 2021-04-23 11:56:11(77280) --> [http-bio-8080-exec-7] com.mliang.controller.UserController.selectUser(UserController.java:27): 测试日志输出  
[INFO ] 2021-04-23 11:56:11(77408) --> [http-bio-8080-exec-7] com.mliang.controller.UserController.selectUser(UserController.java:36): 查询用户信息成功  
[INFO ] 2021-04-23 11:56:12(77641) --> [http-bio-8080-exec-8] com.mliang.controller.UserController.selectUser(UserController.java:27): 测试日志输出  
[INFO ] 2021-04-23 11:56:12(77767) --> [http-bio-8080-exec-8] com.mliang.controller.UserController.selectUser(UserController.java:36): 查询用户信息成功  
[INFO ] 2021-04-23 11:56:12(78017) --> [http-bio-8080-exec-9] com.mliang.controller.UserController.selectUser(UserController.java:27): 测试日志输出  
[INFO ] 2021-04-23 11:56:12(78146) --> [http-bio-8080-exec-9] com.mliang.controller.UserController.selectUser(UserController.java:36): 查询用户信息成功  
[INFO ] 2021-04-23 11:56:12(78325) --> [http-bio-8080-exec-10] com.mliang.controller.UserController.selectUser(UserController.java:27): 测试日志输出  
[INFO ] 2021-04-23 11:56:12(78450) --> [http-bio-8080-exec-10] com.mliang.controller.UserController.selectUser(UserController.java:36): 查询用户信息成功  
[INFO ] 2021-04-23 11:56:13(78788) --> [http-bio-8080-exec-10] com.mliang.controller.UserController.selectUser(UserController.java:27): 测试日志输出  
[INFO ] 2021-04-23 11:56:13(78914) --> [http-bio-8080-exec-10] com.mliang.controller.UserController.selectUser(UserController.java:36): 查询用户信息成功  
[INFO ] 2021-04-23 11:56:13(79063) --> [http-bio-8080-exec-1] com.mliang.controller.UserController.selectUser(UserController.java:27): 测试日志输出  
[INFO ] 2021-04-23 11:56:13(79194) --> [http-bio-8080-exec-1] com.mliang.controller.UserController.selectUser(UserController.java:36): 查询用户信息成功  
